{"C:\\Users\\Thomas\\Desktop\\Udemy\\NodeCompleteDevCourse\\Task-app\\src\\math.js": {"path":"C:\\Users\\Thomas\\Desktop\\Udemy\\NodeCompleteDevCourse\\Task-app\\src\\math.js","statementMap":{"0":{"start":{"line":1,"column":21},"end":{"line":2,"column":36}},"1":{"start":{"line":2,"column":2},"end":{"line":2,"column":36}},"2":{"start":{"line":4,"column":28},"end":{"line":4,"column":55}},"3":{"start":{"line":4,"column":38},"end":{"line":4,"column":55}},"4":{"start":{"line":6,"column":28},"end":{"line":6,"column":53}},"5":{"start":{"line":6,"column":38},"end":{"line":6,"column":53}},"6":{"start":{"line":8,"column":0},"end":{"line":12,"column":2}}},"fnMap":{"0":{"name":"(anonymous_0)","decl":{"start":{"line":1,"column":21},"end":{"line":1,"column":22}},"loc":{"start":{"line":2,"column":2},"end":{"line":2,"column":36}},"line":2},"1":{"name":"(anonymous_1)","decl":{"start":{"line":4,"column":28},"end":{"line":4,"column":29}},"loc":{"start":{"line":4,"column":38},"end":{"line":4,"column":55}},"line":4},"2":{"name":"(anonymous_2)","decl":{"start":{"line":6,"column":28},"end":{"line":6,"column":29}},"loc":{"start":{"line":6,"column":38},"end":{"line":6,"column":53}},"line":6}},"branchMap":{"0":{"loc":{"start":{"line":1,"column":29},"end":{"line":1,"column":44}},"type":"default-arg","locations":[{"start":{"line":1,"column":42},"end":{"line":1,"column":44}}],"line":1}},"s":{"0":1,"1":3,"2":1,"3":2,"4":1,"5":2,"6":1},"f":{"0":3,"1":2,"2":2},"b":{"0":[1]},"_coverageSchema":"1a1c01bbd47fc00a2c39e90264f33305004495a9","hash":"8b67fe121d3bb4772d074d5d4653b18b7ad98bc0"}
}
