{"C:\\Users\\Thomas\\Desktop\\Udemy\\NodeCompleteDevCourse\\Task-app\\src\\app.js": {"path":"C:\\Users\\Thomas\\Desktop\\Udemy\\NodeCompleteDevCourse\\Task-app\\src\\app.js","statementMap":{"0":{"start":{"line":2,"column":12},"end":{"line":2,"column":32}},"1":{"start":{"line":5,"column":0},"end":{"line":5,"column":34}},"2":{"start":{"line":8,"column":0},"end":{"line":8,"column":33}},"3":{"start":{"line":11,"column":0},"end":{"line":11,"column":30}},"4":{"start":{"line":13,"column":0},"end":{"line":13,"column":21}}},"fnMap":{},"branchMap":{},"s":{"0":1,"1":1,"2":1,"3":1,"4":1},"f":{},"b":{},"_coverageSchema":"1a1c01bbd47fc00a2c39e90264f33305004495a9","hash":"64441f256274ddd5ee8e9948edbccebef56c8479"}
,"C:\\Users\\Thomas\\Desktop\\Udemy\\NodeCompleteDevCourse\\Task-app\\src\\configs\\configs.js": {"path":"C:\\Users\\Thomas\\Desktop\\Udemy\\NodeCompleteDevCourse\\Task-app\\src\\configs\\configs.js","statementMap":{"0":{"start":{"line":1,"column":16},"end":{"line":1,"column":34}},"1":{"start":{"line":3,"column":0},"end":{"line":7,"column":2}},"2":{"start":{"line":4,"column":2},"end":{"line":4,"column":29}},"3":{"start":{"line":5,"column":2},"end":{"line":5,"column":26}},"4":{"start":{"line":6,"column":2},"end":{"line":6,"column":50}}},"fnMap":{"0":{"name":"(anonymous_0)","decl":{"start":{"line":3,"column":17},"end":{"line":3,"column":18}},"loc":{"start":{"line":3,"column":26},"end":{"line":7,"column":1}},"line":3}},"branchMap":{},"s":{"0":1,"1":1,"2":1,"3":1,"4":1},"f":{"0":1},"b":{},"_coverageSchema":"1a1c01bbd47fc00a2c39e90264f33305004495a9","hash":"97a86cb255f13cdb2c2e8dfa59fbd932ad8d4cc2"}
,"C:\\Users\\Thomas\\Desktop\\Udemy\\NodeCompleteDevCourse\\Task-app\\src\\configs\\router.js": {"path":"C:\\Users\\Thomas\\Desktop\\Udemy\\NodeCompleteDevCourse\\Task-app\\src\\configs\\router.js","statementMap":{"0":{"start":{"line":1,"column":15},"end":{"line":1,"column":42}},"1":{"start":{"line":3,"column":0},"end":{"line":5,"column":2}},"2":{"start":{"line":4,"column":2},"end":{"line":4,"column":18}}},"fnMap":{"0":{"name":"(anonymous_0)","decl":{"start":{"line":3,"column":17},"end":{"line":3,"column":18}},"loc":{"start":{"line":3,"column":26},"end":{"line":5,"column":1}},"line":3}},"branchMap":{},"s":{"0":1,"1":1,"2":1},"f":{"0":1},"b":{},"_coverageSchema":"1a1c01bbd47fc00a2c39e90264f33305004495a9","hash":"c6c8b06de0f8ac9d8172be1b6bcf6c503f7e9aa5"}
,"C:\\Users\\Thomas\\Desktop\\Udemy\\NodeCompleteDevCourse\\Task-app\\src\\database\\mongodb.js": {"path":"C:\\Users\\Thomas\\Desktop\\Udemy\\NodeCompleteDevCourse\\Task-app\\src\\database\\mongodb.js","statementMap":{"0":{"start":{"line":1,"column":17},"end":{"line":1,"column":36}},"1":{"start":{"line":3,"column":21},"end":{"line":3,"column":140}},"2":{"start":{"line":6,"column":2},"end":{"line":8,"column":18}},"3":{"start":{"line":10,"column":0},"end":{"line":18,"column":36}},"4":{"start":{"line":17,"column":14},"end":{"line":17,"column":52}},"5":{"start":{"line":18,"column":18},"end":{"line":18,"column":34}}},"fnMap":{"0":{"name":"(anonymous_0)","decl":{"start":{"line":17,"column":8},"end":{"line":17,"column":9}},"loc":{"start":{"line":17,"column":14},"end":{"line":17,"column":52}},"line":17},"1":{"name":"(anonymous_1)","decl":{"start":{"line":18,"column":9},"end":{"line":18,"column":10}},"loc":{"start":{"line":18,"column":18},"end":{"line":18,"column":34}},"line":18}},"branchMap":{"0":{"loc":{"start":{"line":6,"column":2},"end":{"line":8,"column":18}},"type":"cond-expr","locations":[{"start":{"line":7,"column":6},"end":{"line":7,"column":31}},{"start":{"line":8,"column":6},"end":{"line":8,"column":18}}],"line":6}},"s":{"0":1,"1":1,"2":1,"3":1,"4":1,"5":0},"f":{"0":1,"1":0},"b":{"0":[1,0]},"_coverageSchema":"1a1c01bbd47fc00a2c39e90264f33305004495a9","hash":"ca6a73f3b4b868848967dc25f14984e5fbcc0084"}
,"C:\\Users\\Thomas\\Desktop\\Udemy\\NodeCompleteDevCourse\\Task-app\\src\\middlewares\\auth_admin.js": {"path":"C:\\Users\\Thomas\\Desktop\\Udemy\\NodeCompleteDevCourse\\Task-app\\src\\middlewares\\auth_admin.js","statementMap":{"0":{"start":{"line":1,"column":0},"end":{"line":4,"column":2}},"1":{"start":{"line":2,"column":2},"end":{"line":2,"column":68}},"2":{"start":{"line":2,"column":23},"end":{"line":2,"column":68}},"3":{"start":{"line":3,"column":2},"end":{"line":3,"column":9}}},"fnMap":{"0":{"name":"(anonymous_0)","decl":{"start":{"line":1,"column":17},"end":{"line":1,"column":18}},"loc":{"start":{"line":1,"column":43},"end":{"line":4,"column":1}},"line":1}},"branchMap":{"0":{"loc":{"start":{"line":2,"column":2},"end":{"line":2,"column":68}},"type":"if","locations":[{"start":{"line":2,"column":2},"end":{"line":2,"column":68}},{"start":{"line":2,"column":2},"end":{"line":2,"column":68}}],"line":2}},"s":{"0":1,"1":0,"2":0,"3":0},"f":{"0":0},"b":{"0":[0,0]},"_coverageSchema":"1a1c01bbd47fc00a2c39e90264f33305004495a9","hash":"9822641a8dd3a7971661edea321829c257648594"}
,"C:\\Users\\Thomas\\Desktop\\Udemy\\NodeCompleteDevCourse\\Task-app\\src\\middlewares\\authentication.js": {"path":"C:\\Users\\Thomas\\Desktop\\Udemy\\NodeCompleteDevCourse\\Task-app\\src\\middlewares\\authentication.js","statementMap":{"0":{"start":{"line":1,"column":12},"end":{"line":1,"column":35}},"1":{"start":{"line":2,"column":13},"end":{"line":2,"column":44}},"2":{"start":{"line":4,"column":0},"end":{"line":22,"column":2}},"3":{"start":{"line":5,"column":2},"end":{"line":21,"column":3}},"4":{"start":{"line":6,"column":4},"end":{"line":7,"column":57}},"5":{"start":{"line":7,"column":6},"end":{"line":7,"column":57}},"6":{"start":{"line":8,"column":18},"end":{"line":8,"column":68}},"7":{"start":{"line":9,"column":20},"end":{"line":9,"column":61}},"8":{"start":{"line":11,"column":17},"end":{"line":14,"column":6}},"9":{"start":{"line":15,"column":4},"end":{"line":15,"column":52}},"10":{"start":{"line":15,"column":15},"end":{"line":15,"column":52}},"11":{"start":{"line":16,"column":4},"end":{"line":16,"column":22}},"12":{"start":{"line":17,"column":4},"end":{"line":17,"column":20}},"13":{"start":{"line":18,"column":4},"end":{"line":18,"column":11}},"14":{"start":{"line":20,"column":4},"end":{"line":20,"column":40}}},"fnMap":{"0":{"name":"(anonymous_0)","decl":{"start":{"line":4,"column":17},"end":{"line":4,"column":18}},"loc":{"start":{"line":4,"column":43},"end":{"line":22,"column":1}},"line":4}},"branchMap":{"0":{"loc":{"start":{"line":6,"column":4},"end":{"line":7,"column":57}},"type":"if","locations":[{"start":{"line":6,"column":4},"end":{"line":7,"column":57}},{"start":{"line":6,"column":4},"end":{"line":7,"column":57}}],"line":6},"1":{"loc":{"start":{"line":15,"column":4},"end":{"line":15,"column":52}},"type":"if","locations":[{"start":{"line":15,"column":4},"end":{"line":15,"column":52}},{"start":{"line":15,"column":4},"end":{"line":15,"column":52}}],"line":15}},"s":{"0":1,"1":1,"2":1,"3":4,"4":4,"5":2,"6":2,"7":2,"8":2,"9":2,"10":0,"11":2,"12":2,"13":2,"14":0},"f":{"0":4},"b":{"0":[2,2],"1":[0,2]},"_coverageSchema":"1a1c01bbd47fc00a2c39e90264f33305004495a9","hash":"1e52fa2a38a53c80e4e3a157b99d3f6b9c15654e"}
,"C:\\Users\\Thomas\\Desktop\\Udemy\\NodeCompleteDevCourse\\Task-app\\src\\middlewares\\error_handler.js": {"path":"C:\\Users\\Thomas\\Desktop\\Udemy\\NodeCompleteDevCourse\\Task-app\\src\\middlewares\\error_handler.js","statementMap":{"0":{"start":{"line":1,"column":0},"end":{"line":3,"column":2}},"1":{"start":{"line":2,"column":2},"end":{"line":2,"column":49}}},"fnMap":{"0":{"name":"(anonymous_0)","decl":{"start":{"line":1,"column":17},"end":{"line":1,"column":18}},"loc":{"start":{"line":1,"column":44},"end":{"line":3,"column":1}},"line":1}},"branchMap":{},"s":{"0":1,"1":0},"f":{"0":0},"b":{},"_coverageSchema":"1a1c01bbd47fc00a2c39e90264f33305004495a9","hash":"cd68c1e93efe70ed4db2eb28246c812425d555ee"}
,"C:\\Users\\Thomas\\Desktop\\Udemy\\NodeCompleteDevCourse\\Task-app\\src\\middlewares\\format_avatar.js": {"path":"C:\\Users\\Thomas\\Desktop\\Udemy\\NodeCompleteDevCourse\\Task-app\\src\\middlewares\\format_avatar.js","statementMap":{"0":{"start":{"line":1,"column":14},"end":{"line":1,"column":30}},"1":{"start":{"line":2,"column":0},"end":{"line":9,"column":2}},"2":{"start":{"line":3,"column":2},"end":{"line":6,"column":16}},"3":{"start":{"line":8,"column":2},"end":{"line":8,"column":9}}},"fnMap":{"0":{"name":"(anonymous_0)","decl":{"start":{"line":2,"column":17},"end":{"line":2,"column":18}},"loc":{"start":{"line":2,"column":43},"end":{"line":9,"column":1}},"line":2}},"branchMap":{},"s":{"0":1,"1":1,"2":0,"3":0},"f":{"0":0},"b":{},"_coverageSchema":"1a1c01bbd47fc00a2c39e90264f33305004495a9","hash":"b885d3c04139033520836b233c752316f5455884"}
,"C:\\Users\\Thomas\\Desktop\\Udemy\\NodeCompleteDevCourse\\Task-app\\src\\middlewares\\user_profile.js": {"path":"C:\\Users\\Thomas\\Desktop\\Udemy\\NodeCompleteDevCourse\\Task-app\\src\\middlewares\\user_profile.js","statementMap":{"0":{"start":{"line":1,"column":15},"end":{"line":1,"column":32}},"1":{"start":{"line":2,"column":0},"end":{"line":13,"column":3}},"2":{"start":{"line":7,"column":4},"end":{"line":11,"column":5}},"3":{"start":{"line":8,"column":6},"end":{"line":8,"column":52}},"4":{"start":{"line":10,"column":6},"end":{"line":10,"column":26}}},"fnMap":{"0":{"name":"(anonymous_0)","decl":{"start":{"line":6,"column":2},"end":{"line":6,"column":3}},"loc":{"start":{"line":6,"column":28},"end":{"line":12,"column":3}},"line":6}},"branchMap":{"0":{"loc":{"start":{"line":7,"column":4},"end":{"line":11,"column":5}},"type":"if","locations":[{"start":{"line":7,"column":4},"end":{"line":11,"column":5}},{"start":{"line":7,"column":4},"end":{"line":11,"column":5}}],"line":7}},"s":{"0":1,"1":1,"2":0,"3":0,"4":0},"f":{"0":0},"b":{"0":[0,0]},"_coverageSchema":"1a1c01bbd47fc00a2c39e90264f33305004495a9","hash":"c6dad564cb9840cd0d45557bfe7e78efbe43e0c3"}
,"C:\\Users\\Thomas\\Desktop\\Udemy\\NodeCompleteDevCourse\\Task-app\\src\\models\\task_model.js": {"path":"C:\\Users\\Thomas\\Desktop\\Udemy\\NodeCompleteDevCourse\\Task-app\\src\\models\\task_model.js","statementMap":{"0":{"start":{"line":1,"column":17},"end":{"line":1,"column":36}},"1":{"start":{"line":2,"column":19},"end":{"line":2,"column":38}},"2":{"start":{"line":4,"column":19},"end":{"line":23,"column":1}},"3":{"start":{"line":25,"column":13},"end":{"line":25,"column":47}},"4":{"start":{"line":27,"column":0},"end":{"line":27,"column":22}}},"fnMap":{},"branchMap":{},"s":{"0":1,"1":1,"2":1,"3":1,"4":1},"f":{},"b":{},"_coverageSchema":"1a1c01bbd47fc00a2c39e90264f33305004495a9","hash":"cd9f3426a8d40e10190f0afa8c67010b2b6628b6"}
,"C:\\Users\\Thomas\\Desktop\\Udemy\\NodeCompleteDevCourse\\Task-app\\src\\models\\user_model.js": {"path":"C:\\Users\\Thomas\\Desktop\\Udemy\\NodeCompleteDevCourse\\Task-app\\src\\models\\user_model.js","statementMap":{"0":{"start":{"line":1,"column":17},"end":{"line":1,"column":36}},"1":{"start":{"line":2,"column":19},"end":{"line":2,"column":38}},"2":{"start":{"line":3,"column":18},"end":{"line":3,"column":38}},"3":{"start":{"line":4,"column":25},"end":{"line":4,"column":63}},"4":{"start":{"line":5,"column":24},"end":{"line":5,"column":60}},"5":{"start":{"line":6,"column":15},"end":{"line":6,"column":34}},"6":{"start":{"line":7,"column":12},"end":{"line":7,"column":35}},"7":{"start":{"line":8,"column":13},"end":{"line":8,"column":44}},"8":{"start":{"line":10,"column":19},"end":{"line":66,"column":1}},"9":{"start":{"line":23,"column":8},"end":{"line":34,"column":9}},"10":{"start":{"line":33,"column":10},"end":{"line":33,"column":58}},"11":{"start":{"line":44,"column":8},"end":{"line":46,"column":9}},"12":{"start":{"line":45,"column":10},"end":{"line":45,"column":46}},"13":{"start":{"line":68,"column":0},"end":{"line":75,"column":2}},"14":{"start":{"line":69,"column":15},"end":{"line":69,"column":19}},"15":{"start":{"line":70,"column":16},"end":{"line":70,"column":78}},"16":{"start":{"line":72,"column":2},"end":{"line":72,"column":46}},"17":{"start":{"line":73,"column":2},"end":{"line":73,"column":20}},"18":{"start":{"line":74,"column":2},"end":{"line":74,"column":15}},"19":{"start":{"line":77,"column":0},"end":{"line":85,"column":2}},"20":{"start":{"line":78,"column":15},"end":{"line":78,"column":19}},"21":{"start":{"line":79,"column":21},"end":{"line":79,"column":36}},"22":{"start":{"line":81,"column":2},"end":{"line":81,"column":29}},"23":{"start":{"line":82,"column":2},"end":{"line":82,"column":27}},"24":{"start":{"line":83,"column":2},"end":{"line":83,"column":27}},"25":{"start":{"line":84,"column":2},"end":{"line":84,"column":20}},"26":{"start":{"line":87,"column":0},"end":{"line":91,"column":3}},"27":{"start":{"line":95,"column":0},"end":{"line":104,"column":2}},"28":{"start":{"line":96,"column":15},"end":{"line":96,"column":44}},"29":{"start":{"line":97,"column":2},"end":{"line":97,"column":26}},"30":{"start":{"line":97,"column":13},"end":{"line":97,"column":26}},"31":{"start":{"line":99,"column":18},"end":{"line":99,"column":63}},"32":{"start":{"line":101,"column":2},"end":{"line":101,"column":29}},"33":{"start":{"line":101,"column":16},"end":{"line":101,"column":29}},"34":{"start":{"line":103,"column":2},"end":{"line":103,"column":14}},"35":{"start":{"line":106,"column":0},"end":{"line":113,"column":3}},"36":{"start":{"line":107,"column":15},"end":{"line":107,"column":19}},"37":{"start":{"line":108,"column":2},"end":{"line":109,"column":56}},"38":{"start":{"line":109,"column":4},"end":{"line":109,"column":56}},"39":{"start":{"line":110,"column":2},"end":{"line":110,"column":76}},"40":{"start":{"line":110,"column":23},"end":{"line":110,"column":76}},"41":{"start":{"line":112,"column":2},"end":{"line":112,"column":9}},"42":{"start":{"line":117,"column":0},"end":{"line":121,"column":3}},"43":{"start":{"line":118,"column":15},"end":{"line":118,"column":19}},"44":{"start":{"line":119,"column":2},"end":{"line":119,"column":45}},"45":{"start":{"line":120,"column":2},"end":{"line":120,"column":9}},"46":{"start":{"line":123,"column":13},"end":{"line":123,"column":47}},"47":{"start":{"line":125,"column":0},"end":{"line":125,"column":22}}},"fnMap":{"0":{"name":"(anonymous_0)","decl":{"start":{"line":22,"column":6},"end":{"line":22,"column":7}},"loc":{"start":{"line":22,"column":22},"end":{"line":35,"column":7}},"line":22},"1":{"name":"(anonymous_1)","decl":{"start":{"line":43,"column":6},"end":{"line":43,"column":7}},"loc":{"start":{"line":43,"column":22},"end":{"line":47,"column":7}},"line":43},"2":{"name":"(anonymous_2)","decl":{"start":{"line":68,"column":39},"end":{"line":68,"column":40}},"loc":{"start":{"line":68,"column":57},"end":{"line":75,"column":1}},"line":68},"3":{"name":"(anonymous_3)","decl":{"start":{"line":77,"column":28},"end":{"line":77,"column":29}},"loc":{"start":{"line":77,"column":40},"end":{"line":85,"column":1}},"line":77},"4":{"name":"(anonymous_4)","decl":{"start":{"line":95,"column":39},"end":{"line":95,"column":40}},"loc":{"start":{"line":95,"column":66},"end":{"line":104,"column":1}},"line":95},"5":{"name":"(anonymous_5)","decl":{"start":{"line":106,"column":23},"end":{"line":106,"column":24}},"loc":{"start":{"line":106,"column":45},"end":{"line":113,"column":1}},"line":106},"6":{"name":"(anonymous_6)","decl":{"start":{"line":117,"column":25},"end":{"line":117,"column":26}},"loc":{"start":{"line":117,"column":47},"end":{"line":121,"column":1}},"line":117}},"branchMap":{"0":{"loc":{"start":{"line":23,"column":8},"end":{"line":34,"column":9}},"type":"if","locations":[{"start":{"line":23,"column":8},"end":{"line":34,"column":9}},{"start":{"line":23,"column":8},"end":{"line":34,"column":9}}],"line":23},"1":{"loc":{"start":{"line":44,"column":8},"end":{"line":46,"column":9}},"type":"if","locations":[{"start":{"line":44,"column":8},"end":{"line":46,"column":9}},{"start":{"line":44,"column":8},"end":{"line":46,"column":9}}],"line":44},"2":{"loc":{"start":{"line":97,"column":2},"end":{"line":97,"column":26}},"type":"if","locations":[{"start":{"line":97,"column":2},"end":{"line":97,"column":26}},{"start":{"line":97,"column":2},"end":{"line":97,"column":26}}],"line":97},"3":{"loc":{"start":{"line":101,"column":2},"end":{"line":101,"column":29}},"type":"if","locations":[{"start":{"line":101,"column":2},"end":{"line":101,"column":29}},{"start":{"line":101,"column":2},"end":{"line":101,"column":29}}],"line":101},"4":{"loc":{"start":{"line":108,"column":2},"end":{"line":109,"column":56}},"type":"if","locations":[{"start":{"line":108,"column":2},"end":{"line":109,"column":56}},{"start":{"line":108,"column":2},"end":{"line":109,"column":56}}],"line":108},"5":{"loc":{"start":{"line":110,"column":2},"end":{"line":110,"column":76}},"type":"if","locations":[{"start":{"line":110,"column":2},"end":{"line":110,"column":76}},{"start":{"line":110,"column":2},"end":{"line":110,"column":76}}],"line":110}},"s":{"0":1,"1":1,"2":1,"3":1,"4":1,"5":1,"6":1,"7":1,"8":1,"9":10,"10":0,"11":10,"12":0,"13":1,"14":2,"15":2,"16":2,"17":2,"18":2,"19":1,"20":4,"21":4,"22":4,"23":4,"24":4,"25":4,"26":1,"27":1,"28":3,"29":3,"30":1,"31":2,"32":2,"33":1,"34":1,"35":1,"36":10,"37":10,"38":0,"39":10,"40":10,"41":10,"42":1,"43":1,"44":1,"45":1,"46":1,"47":1},"f":{"0":10,"1":10,"2":2,"3":4,"4":3,"5":10,"6":1},"b":{"0":[0,10],"1":[0,10],"2":[1,2],"3":[1,1],"4":[0,10],"5":[10,0]},"_coverageSchema":"1a1c01bbd47fc00a2c39e90264f33305004495a9","hash":"410c03efb590cc705b4409900b449e121bed88bd"}
,"C:\\Users\\Thomas\\Desktop\\Udemy\\NodeCompleteDevCourse\\Task-app\\src\\routes\\router.js": {"path":"C:\\Users\\Thomas\\Desktop\\Udemy\\NodeCompleteDevCourse\\Task-app\\src\\routes\\router.js","statementMap":{"0":{"start":{"line":1,"column":16},"end":{"line":1,"column":34}},"1":{"start":{"line":2,"column":15},"end":{"line":2,"column":31}},"2":{"start":{"line":4,"column":19},"end":{"line":4,"column":43}},"3":{"start":{"line":5,"column":19},"end":{"line":5,"column":43}},"4":{"start":{"line":7,"column":0},"end":{"line":7,"column":35}},"5":{"start":{"line":9,"column":0},"end":{"line":9,"column":24}}},"fnMap":{},"branchMap":{},"s":{"0":1,"1":1,"2":1,"3":1,"4":1,"5":1},"f":{},"b":{},"_coverageSchema":"1a1c01bbd47fc00a2c39e90264f33305004495a9","hash":"08bfbe214a601297db5fc6bc3c7a5deee6deb202"}
,"C:\\Users\\Thomas\\Desktop\\Udemy\\NodeCompleteDevCourse\\Task-app\\src\\routes\\tasks_route.js": {"path":"C:\\Users\\Thomas\\Desktop\\Udemy\\NodeCompleteDevCourse\\Task-app\\src\\routes\\tasks_route.js","statementMap":{"0":{"start":{"line":1,"column":12},"end":{"line":1,"column":32}},"1":{"start":{"line":2,"column":13},"end":{"line":2,"column":44}},"2":{"start":{"line":3,"column":13},"end":{"line":3,"column":53}},"3":{"start":{"line":6,"column":0},"end":{"line":55,"column":5}},"4":{"start":{"line":9,"column":34},"end":{"line":9,"column":43}},"5":{"start":{"line":10,"column":18},"end":{"line":10,"column":20}},"6":{"start":{"line":11,"column":17},"end":{"line":11,"column":19}},"7":{"start":{"line":13,"column":4},"end":{"line":13,"column":73}},"8":{"start":{"line":13,"column":19},"end":{"line":13,"column":73}},"9":{"start":{"line":14,"column":4},"end":{"line":17,"column":5}},"10":{"start":{"line":15,"column":20},"end":{"line":15,"column":37}},"11":{"start":{"line":16,"column":6},"end":{"line":16,"column":51}},"12":{"start":{"line":19,"column":4},"end":{"line":34,"column":5}},"13":{"start":{"line":20,"column":6},"end":{"line":30,"column":24}},"14":{"start":{"line":31,"column":6},"end":{"line":31,"column":31}},"15":{"start":{"line":33,"column":6},"end":{"line":33,"column":40}},"16":{"start":{"line":37,"column":39},"end":{"line":37,"column":47}},"17":{"start":{"line":39,"column":20},"end":{"line":39,"column":28}},"18":{"start":{"line":40,"column":17},"end":{"line":40,"column":65}},"19":{"start":{"line":41,"column":4},"end":{"line":46,"column":5}},"20":{"start":{"line":42,"column":6},"end":{"line":42,"column":24}},"21":{"start":{"line":43,"column":6},"end":{"line":43,"column":33}},"22":{"start":{"line":45,"column":6},"end":{"line":45,"column":42}},"23":{"start":{"line":49,"column":4},"end":{"line":54,"column":5}},"24":{"start":{"line":50,"column":6},"end":{"line":50,"column":53}},"25":{"start":{"line":51,"column":6},"end":{"line":51,"column":17}},"26":{"start":{"line":53,"column":6},"end":{"line":53,"column":29}},"27":{"start":{"line":59,"column":0},"end":{"line":109,"column":5}},"28":{"start":{"line":62,"column":4},"end":{"line":75,"column":5}},"29":{"start":{"line":63,"column":19},"end":{"line":66,"column":8}},"30":{"start":{"line":68,"column":6},"end":{"line":72,"column":7}},"31":{"start":{"line":69,"column":8},"end":{"line":69,"column":23}},"32":{"start":{"line":71,"column":8},"end":{"line":71,"column":31}},"33":{"start":{"line":74,"column":6},"end":{"line":74,"column":42}},"34":{"start":{"line":78,"column":4},"end":{"line":87,"column":5}},"35":{"start":{"line":79,"column":21},"end":{"line":82,"column":8}},"36":{"start":{"line":83,"column":6},"end":{"line":83,"column":49}},"37":{"start":{"line":83,"column":19},"end":{"line":83,"column":49}},"38":{"start":{"line":84,"column":6},"end":{"line":84,"column":23}},"39":{"start":{"line":86,"column":6},"end":{"line":86,"column":42}},"40":{"start":{"line":90,"column":39},"end":{"line":90,"column":47}},"41":{"start":{"line":91,"column":4},"end":{"line":91,"column":66}},"42":{"start":{"line":91,"column":36},"end":{"line":91,"column":66}},"43":{"start":{"line":92,"column":4},"end":{"line":108,"column":5}},"44":{"start":{"line":93,"column":19},"end":{"line":96,"column":8}},"45":{"start":{"line":98,"column":6},"end":{"line":98,"column":47}},"46":{"start":{"line":98,"column":17},"end":{"line":98,"column":47}},"47":{"start":{"line":99,"column":6},"end":{"line":101,"column":9}},"48":{"start":{"line":100,"column":8},"end":{"line":100,"column":34}},"49":{"start":{"line":103,"column":6},"end":{"line":103,"column":18}},"50":{"start":{"line":105,"column":6},"end":{"line":105,"column":21}},"51":{"start":{"line":107,"column":6},"end":{"line":107,"column":42}},"52":{"start":{"line":111,"column":0},"end":{"line":111,"column":21}}},"fnMap":{"0":{"name":"(anonymous_0)","decl":{"start":{"line":8,"column":13},"end":{"line":8,"column":14}},"loc":{"start":{"line":8,"column":33},"end":{"line":35,"column":3}},"line":8},"1":{"name":"(anonymous_1)","decl":{"start":{"line":36,"column":14},"end":{"line":36,"column":15}},"loc":{"start":{"line":36,"column":34},"end":{"line":47,"column":3}},"line":36},"2":{"name":"(anonymous_2)","decl":{"start":{"line":48,"column":16},"end":{"line":48,"column":17}},"loc":{"start":{"line":48,"column":36},"end":{"line":55,"column":3}},"line":48},"3":{"name":"(anonymous_3)","decl":{"start":{"line":61,"column":13},"end":{"line":61,"column":14}},"loc":{"start":{"line":61,"column":33},"end":{"line":76,"column":3}},"line":61},"4":{"name":"(anonymous_4)","decl":{"start":{"line":77,"column":16},"end":{"line":77,"column":17}},"loc":{"start":{"line":77,"column":36},"end":{"line":88,"column":3}},"line":77},"5":{"name":"(anonymous_5)","decl":{"start":{"line":89,"column":15},"end":{"line":89,"column":16}},"loc":{"start":{"line":89,"column":35},"end":{"line":109,"column":3}},"line":89},"6":{"name":"(anonymous_6)","decl":{"start":{"line":99,"column":36},"end":{"line":99,"column":37}},"loc":{"start":{"line":99,"column":45},"end":{"line":101,"column":7}},"line":99}},"branchMap":{"0":{"loc":{"start":{"line":13,"column":4},"end":{"line":13,"column":73}},"type":"if","locations":[{"start":{"line":13,"column":4},"end":{"line":13,"column":73}},{"start":{"line":13,"column":4},"end":{"line":13,"column":73}}],"line":13},"1":{"loc":{"start":{"line":13,"column":37},"end":{"line":13,"column":72}},"type":"cond-expr","locations":[{"start":{"line":13,"column":60},"end":{"line":13,"column":64}},{"start":{"line":13,"column":67},"end":{"line":13,"column":72}}],"line":13},"2":{"loc":{"start":{"line":14,"column":4},"end":{"line":17,"column":5}},"type":"if","locations":[{"start":{"line":14,"column":4},"end":{"line":17,"column":5}},{"start":{"line":14,"column":4},"end":{"line":17,"column":5}}],"line":14},"3":{"loc":{"start":{"line":16,"column":23},"end":{"line":16,"column":50}},"type":"cond-expr","locations":[{"start":{"line":16,"column":44},"end":{"line":16,"column":45}},{"start":{"line":16,"column":48},"end":{"line":16,"column":50}}],"line":16},"4":{"loc":{"start":{"line":68,"column":6},"end":{"line":72,"column":7}},"type":"if","locations":[{"start":{"line":68,"column":6},"end":{"line":72,"column":7}},{"start":{"line":68,"column":6},"end":{"line":72,"column":7}}],"line":68},"5":{"loc":{"start":{"line":83,"column":6},"end":{"line":83,"column":49}},"type":"if","locations":[{"start":{"line":83,"column":6},"end":{"line":83,"column":49}},{"start":{"line":83,"column":6},"end":{"line":83,"column":49}}],"line":83},"6":{"loc":{"start":{"line":91,"column":4},"end":{"line":91,"column":66}},"type":"if","locations":[{"start":{"line":91,"column":4},"end":{"line":91,"column":66}},{"start":{"line":91,"column":4},"end":{"line":91,"column":66}}],"line":91},"7":{"loc":{"start":{"line":91,"column":8},"end":{"line":91,"column":34}},"type":"binary-expr","locations":[{"start":{"line":91,"column":8},"end":{"line":91,"column":20}},{"start":{"line":91,"column":24},"end":{"line":91,"column":34}}],"line":91},"8":{"loc":{"start":{"line":98,"column":6},"end":{"line":98,"column":47}},"type":"if","locations":[{"start":{"line":98,"column":6},"end":{"line":98,"column":47}},{"start":{"line":98,"column":6},"end":{"line":98,"column":47}}],"line":98}},"s":{"0":1,"1":1,"2":1,"3":1,"4":0,"5":0,"6":0,"7":0,"8":0,"9":0,"10":0,"11":0,"12":0,"13":0,"14":0,"15":0,"16":0,"17":0,"18":0,"19":0,"20":0,"21":0,"22":0,"23":0,"24":0,"25":0,"26":0,"27":1,"28":0,"29":0,"30":0,"31":0,"32":0,"33":0,"34":0,"35":0,"36":0,"37":0,"38":0,"39":0,"40":0,"41":0,"42":0,"43":0,"44":0,"45":0,"46":0,"47":0,"48":0,"49":0,"50":0,"51":0,"52":1},"f":{"0":0,"1":0,"2":0,"3":0,"4":0,"5":0,"6":0},"b":{"0":[0,0],"1":[0,0],"2":[0,0],"3":[0,0],"4":[0,0],"5":[0,0],"6":[0,0],"7":[0,0],"8":[0,0]},"_coverageSchema":"1a1c01bbd47fc00a2c39e90264f33305004495a9","hash":"64b2ada0370a02718f2666771227ab24f3170d49"}
,"C:\\Users\\Thomas\\Desktop\\Udemy\\NodeCompleteDevCourse\\Task-app\\src\\routes\\users_route.js": {"path":"C:\\Users\\Thomas\\Desktop\\Udemy\\NodeCompleteDevCourse\\Task-app\\src\\routes\\users_route.js","statementMap":{"0":{"start":{"line":1,"column":12},"end":{"line":1,"column":32}},"1":{"start":{"line":2,"column":13},"end":{"line":2,"column":44}},"2":{"start":{"line":3,"column":13},"end":{"line":3,"column":44}},"3":{"start":{"line":4,"column":13},"end":{"line":4,"column":53}},"4":{"start":{"line":5,"column":18},"end":{"line":5,"column":54}},"5":{"start":{"line":6,"column":24},"end":{"line":6,"column":60}},"6":{"start":{"line":7,"column":21},"end":{"line":7,"column":59}},"7":{"start":{"line":8,"column":21},"end":{"line":8,"column":60}},"8":{"start":{"line":9,"column":21},"end":{"line":9,"column":60}},"9":{"start":{"line":13,"column":0},"end":{"line":45,"column":5}},"10":{"start":{"line":16,"column":4},"end":{"line":21,"column":5}},"11":{"start":{"line":17,"column":20},"end":{"line":17,"column":37}},"12":{"start":{"line":18,"column":6},"end":{"line":18,"column":22}},"13":{"start":{"line":20,"column":6},"end":{"line":20,"column":42}},"14":{"start":{"line":25,"column":36},"end":{"line":25,"column":44}},"15":{"start":{"line":26,"column":4},"end":{"line":26,"column":47}},"16":{"start":{"line":27,"column":17},"end":{"line":27,"column":52}},"17":{"start":{"line":28,"column":4},"end":{"line":35,"column":5}},"18":{"start":{"line":29,"column":6},"end":{"line":29,"column":24}},"19":{"start":{"line":30,"column":20},"end":{"line":30,"column":50}},"20":{"start":{"line":32,"column":6},"end":{"line":32,"column":44}},"21":{"start":{"line":34,"column":6},"end":{"line":34,"column":42}},"22":{"start":{"line":38,"column":4},"end":{"line":44,"column":5}},"23":{"start":{"line":39,"column":6},"end":{"line":39,"column":30}},"24":{"start":{"line":40,"column":6},"end":{"line":40,"column":30}},"25":{"start":{"line":41,"column":6},"end":{"line":41,"column":17}},"26":{"start":{"line":43,"column":6},"end":{"line":43,"column":29}},"27":{"start":{"line":48,"column":0},"end":{"line":89,"column":5}},"28":{"start":{"line":51,"column":4},"end":{"line":51,"column":23}},"29":{"start":{"line":54,"column":32},"end":{"line":54,"column":40}},"30":{"start":{"line":56,"column":4},"end":{"line":56,"column":55}},"31":{"start":{"line":56,"column":15},"end":{"line":56,"column":55}},"32":{"start":{"line":58,"column":4},"end":{"line":75,"column":5}},"33":{"start":{"line":59,"column":17},"end":{"line":59,"column":49}},"34":{"start":{"line":60,"column":6},"end":{"line":62,"column":9}},"35":{"start":{"line":61,"column":8},"end":{"line":61,"column":34}},"36":{"start":{"line":64,"column":6},"end":{"line":67,"column":7}},"37":{"start":{"line":65,"column":31},"end":{"line":65,"column":62}},"38":{"start":{"line":66,"column":8},"end":{"line":66,"column":39}},"39":{"start":{"line":69,"column":6},"end":{"line":69,"column":24}},"40":{"start":{"line":71,"column":6},"end":{"line":71,"column":47}},"41":{"start":{"line":71,"column":17},"end":{"line":71,"column":47}},"42":{"start":{"line":72,"column":6},"end":{"line":72,"column":21}},"43":{"start":{"line":74,"column":6},"end":{"line":74,"column":42}},"44":{"start":{"line":78,"column":4},"end":{"line":88,"column":5}},"45":{"start":{"line":82,"column":10},"end":{"line":82,"column":13}},"46":{"start":{"line":83,"column":6},"end":{"line":83,"column":26}},"47":{"start":{"line":85,"column":6},"end":{"line":85,"column":21}},"48":{"start":{"line":87,"column":6},"end":{"line":87,"column":42}},"49":{"start":{"line":93,"column":0},"end":{"line":118,"column":5}},"50":{"start":{"line":100,"column":6},"end":{"line":106,"column":7}},"51":{"start":{"line":101,"column":8},"end":{"line":101,"column":42}},"52":{"start":{"line":102,"column":8},"end":{"line":102,"column":30}},"53":{"start":{"line":103,"column":8},"end":{"line":103,"column":19}},"54":{"start":{"line":105,"column":8},"end":{"line":105,"column":44}},"55":{"start":{"line":111,"column":4},"end":{"line":117,"column":5}},"56":{"start":{"line":112,"column":6},"end":{"line":112,"column":34}},"57":{"start":{"line":113,"column":6},"end":{"line":113,"column":28}},"58":{"start":{"line":114,"column":6},"end":{"line":114,"column":17}},"59":{"start":{"line":116,"column":6},"end":{"line":116,"column":42}},"60":{"start":{"line":122,"column":0},"end":{"line":133,"column":3}},"61":{"start":{"line":123,"column":2},"end":{"line":132,"column":3}},"62":{"start":{"line":124,"column":17},"end":{"line":124,"column":51}},"63":{"start":{"line":125,"column":4},"end":{"line":125,"column":52}},"64":{"start":{"line":125,"column":22},"end":{"line":125,"column":52}},"65":{"start":{"line":127,"column":4},"end":{"line":127,"column":64}},"66":{"start":{"line":127,"column":34},"end":{"line":127,"column":64}},"67":{"start":{"line":128,"column":4},"end":{"line":128,"column":41}},"68":{"start":{"line":129,"column":4},"end":{"line":129,"column":26}},"69":{"start":{"line":131,"column":4},"end":{"line":131,"column":27}},"70":{"start":{"line":136,"column":0},"end":{"line":144,"column":3}},"71":{"start":{"line":137,"column":2},"end":{"line":143,"column":3}},"72":{"start":{"line":138,"column":4},"end":{"line":138,"column":25}},"73":{"start":{"line":139,"column":4},"end":{"line":139,"column":26}},"74":{"start":{"line":140,"column":4},"end":{"line":140,"column":40}},"75":{"start":{"line":142,"column":4},"end":{"line":142,"column":40}},"76":{"start":{"line":147,"column":0},"end":{"line":158,"column":3}},"77":{"start":{"line":148,"column":2},"end":{"line":157,"column":3}},"78":{"start":{"line":149,"column":4},"end":{"line":151,"column":7}},"79":{"start":{"line":150,"column":6},"end":{"line":150,"column":45}},"80":{"start":{"line":153,"column":4},"end":{"line":153,"column":26}},"81":{"start":{"line":154,"column":4},"end":{"line":154,"column":36}},"82":{"start":{"line":156,"column":4},"end":{"line":156,"column":40}},"83":{"start":{"line":161,"column":0},"end":{"line":174,"column":3}},"84":{"start":{"line":162,"column":2},"end":{"line":173,"column":3}},"85":{"start":{"line":163,"column":17},"end":{"line":166,"column":5}},"86":{"start":{"line":167,"column":4},"end":{"line":167,"column":45}},"87":{"start":{"line":167,"column":15},"end":{"line":167,"column":45}},"88":{"start":{"line":168,"column":18},"end":{"line":168,"column":48}},"89":{"start":{"line":170,"column":4},"end":{"line":170,"column":30}},"90":{"start":{"line":172,"column":4},"end":{"line":172,"column":40}},"91":{"start":{"line":176,"column":0},"end":{"line":176,"column":21}}},"fnMap":{"0":{"name":"(anonymous_0)","decl":{"start":{"line":15,"column":24},"end":{"line":15,"column":25}},"loc":{"start":{"line":15,"column":44},"end":{"line":22,"column":3}},"line":15},"1":{"name":"(anonymous_1)","decl":{"start":{"line":24,"column":8},"end":{"line":24,"column":9}},"loc":{"start":{"line":24,"column":28},"end":{"line":36,"column":3}},"line":24},"2":{"name":"(anonymous_2)","decl":{"start":{"line":37,"column":27},"end":{"line":37,"column":28}},"loc":{"start":{"line":37,"column":47},"end":{"line":45,"column":3}},"line":37},"3":{"name":"(anonymous_3)","decl":{"start":{"line":50,"column":13},"end":{"line":50,"column":14}},"loc":{"start":{"line":50,"column":27},"end":{"line":52,"column":3}},"line":50},"4":{"name":"(anonymous_4)","decl":{"start":{"line":53,"column":15},"end":{"line":53,"column":16}},"loc":{"start":{"line":53,"column":35},"end":{"line":76,"column":3}},"line":53},"5":{"name":"(anonymous_5)","decl":{"start":{"line":60,"column":36},"end":{"line":60,"column":37}},"loc":{"start":{"line":60,"column":45},"end":{"line":62,"column":7}},"line":60},"6":{"name":"(anonymous_6)","decl":{"start":{"line":77,"column":16},"end":{"line":77,"column":17}},"loc":{"start":{"line":77,"column":36},"end":{"line":89,"column":3}},"line":77},"7":{"name":"(anonymous_7)","decl":{"start":{"line":99,"column":4},"end":{"line":99,"column":5}},"loc":{"start":{"line":99,"column":24},"end":{"line":107,"column":5}},"line":99},"8":{"name":"(anonymous_8)","decl":{"start":{"line":110,"column":16},"end":{"line":110,"column":17}},"loc":{"start":{"line":110,"column":36},"end":{"line":118,"column":3}},"line":110},"9":{"name":"(anonymous_9)","decl":{"start":{"line":122,"column":35},"end":{"line":122,"column":36}},"loc":{"start":{"line":122,"column":55},"end":{"line":133,"column":1}},"line":122},"10":{"name":"(anonymous_10)","decl":{"start":{"line":136,"column":35},"end":{"line":136,"column":36}},"loc":{"start":{"line":136,"column":55},"end":{"line":144,"column":1}},"line":136},"11":{"name":"(anonymous_11)","decl":{"start":{"line":147,"column":32},"end":{"line":147,"column":33}},"loc":{"start":{"line":147,"column":52},"end":{"line":158,"column":1}},"line":147},"12":{"name":"(anonymous_12)","decl":{"start":{"line":149,"column":45},"end":{"line":149,"column":46}},"loc":{"start":{"line":149,"column":62},"end":{"line":151,"column":5}},"line":149},"13":{"name":"(anonymous_13)","decl":{"start":{"line":161,"column":31},"end":{"line":161,"column":32}},"loc":{"start":{"line":161,"column":51},"end":{"line":174,"column":1}},"line":161}},"branchMap":{"0":{"loc":{"start":{"line":56,"column":4},"end":{"line":56,"column":55}},"type":"if","locations":[{"start":{"line":56,"column":4},"end":{"line":56,"column":55}},{"start":{"line":56,"column":4},"end":{"line":56,"column":55}}],"line":56},"1":{"loc":{"start":{"line":64,"column":6},"end":{"line":67,"column":7}},"type":"if","locations":[{"start":{"line":64,"column":6},"end":{"line":67,"column":7}},{"start":{"line":64,"column":6},"end":{"line":67,"column":7}}],"line":64},"2":{"loc":{"start":{"line":71,"column":6},"end":{"line":71,"column":47}},"type":"if","locations":[{"start":{"line":71,"column":6},"end":{"line":71,"column":47}},{"start":{"line":71,"column":6},"end":{"line":71,"column":47}}],"line":71},"3":{"loc":{"start":{"line":125,"column":4},"end":{"line":125,"column":52}},"type":"if","locations":[{"start":{"line":125,"column":4},"end":{"line":125,"column":52}},{"start":{"line":125,"column":4},"end":{"line":125,"column":52}}],"line":125},"4":{"loc":{"start":{"line":127,"column":4},"end":{"line":127,"column":64}},"type":"if","locations":[{"start":{"line":127,"column":4},"end":{"line":127,"column":64}},{"start":{"line":127,"column":4},"end":{"line":127,"column":64}}],"line":127},"5":{"loc":{"start":{"line":167,"column":4},"end":{"line":167,"column":45}},"type":"if","locations":[{"start":{"line":167,"column":4},"end":{"line":167,"column":45}},{"start":{"line":167,"column":4},"end":{"line":167,"column":45}}],"line":167}},"s":{"0":1,"1":1,"2":1,"3":1,"4":1,"5":1,"6":1,"7":1,"8":1,"9":1,"10":0,"11":0,"12":0,"13":0,"14":1,"15":1,"16":1,"17":1,"18":1,"19":1,"20":1,"21":0,"22":0,"23":0,"24":0,"25":0,"26":0,"27":1,"28":1,"29":0,"30":0,"31":0,"32":0,"33":0,"34":0,"35":0,"36":0,"37":0,"38":0,"39":0,"40":0,"41":0,"42":0,"43":0,"44":1,"45":1,"46":1,"47":1,"48":0,"49":1,"50":0,"51":0,"52":0,"53":0,"54":0,"55":0,"56":0,"57":0,"58":0,"59":0,"60":1,"61":0,"62":0,"63":0,"64":0,"65":0,"66":0,"67":0,"68":0,"69":0,"70":1,"71":0,"72":0,"73":0,"74":0,"75":0,"76":1,"77":0,"78":0,"79":0,"80":0,"81":0,"82":0,"83":1,"84":3,"85":3,"86":3,"87":2,"88":1,"89":1,"90":0,"91":1},"f":{"0":0,"1":1,"2":0,"3":1,"4":0,"5":0,"6":1,"7":0,"8":0,"9":0,"10":0,"11":0,"12":0,"13":3},"b":{"0":[0,0],"1":[0,0],"2":[0,0],"3":[0,0],"4":[0,0],"5":[2,1]},"_coverageSchema":"1a1c01bbd47fc00a2c39e90264f33305004495a9","hash":"00746e8ea904da65296c7888d975d136f5c62db0"}
,"C:\\Users\\Thomas\\Desktop\\Udemy\\NodeCompleteDevCourse\\Task-app\\src\\tests\\math.js": {"path":"C:\\Users\\Thomas\\Desktop\\Udemy\\NodeCompleteDevCourse\\Task-app\\src\\tests\\math.js","statementMap":{"0":{"start":{"line":1,"column":21},"end":{"line":2,"column":36}},"1":{"start":{"line":2,"column":2},"end":{"line":2,"column":36}},"2":{"start":{"line":4,"column":28},"end":{"line":4,"column":55}},"3":{"start":{"line":4,"column":38},"end":{"line":4,"column":55}},"4":{"start":{"line":6,"column":28},"end":{"line":6,"column":53}},"5":{"start":{"line":6,"column":38},"end":{"line":6,"column":53}},"6":{"start":{"line":8,"column":17},"end":{"line":17,"column":1}},"7":{"start":{"line":9,"column":2},"end":{"line":16,"column":5}},"8":{"start":{"line":10,"column":4},"end":{"line":15,"column":13}},"9":{"start":{"line":11,"column":6},"end":{"line":13,"column":7}},"10":{"start":{"line":12,"column":8},"end":{"line":12,"column":34}},"11":{"start":{"line":14,"column":6},"end":{"line":14,"column":21}},"12":{"start":{"line":19,"column":0},"end":{"line":24,"column":2}}},"fnMap":{"0":{"name":"(anonymous_0)","decl":{"start":{"line":1,"column":21},"end":{"line":1,"column":22}},"loc":{"start":{"line":2,"column":2},"end":{"line":2,"column":36}},"line":2},"1":{"name":"(anonymous_1)","decl":{"start":{"line":4,"column":28},"end":{"line":4,"column":29}},"loc":{"start":{"line":4,"column":38},"end":{"line":4,"column":55}},"line":4},"2":{"name":"(anonymous_2)","decl":{"start":{"line":6,"column":28},"end":{"line":6,"column":29}},"loc":{"start":{"line":6,"column":38},"end":{"line":6,"column":53}},"line":6},"3":{"name":"(anonymous_3)","decl":{"start":{"line":8,"column":17},"end":{"line":8,"column":18}},"loc":{"start":{"line":8,"column":27},"end":{"line":17,"column":1}},"line":8},"4":{"name":"(anonymous_4)","decl":{"start":{"line":9,"column":21},"end":{"line":9,"column":22}},"loc":{"start":{"line":9,"column":42},"end":{"line":16,"column":3}},"line":9},"5":{"name":"(anonymous_5)","decl":{"start":{"line":10,"column":15},"end":{"line":10,"column":16}},"loc":{"start":{"line":10,"column":21},"end":{"line":15,"column":5}},"line":10}},"branchMap":{"0":{"loc":{"start":{"line":1,"column":29},"end":{"line":1,"column":44}},"type":"default-arg","locations":[{"start":{"line":1,"column":42},"end":{"line":1,"column":44}}],"line":1},"1":{"loc":{"start":{"line":11,"column":6},"end":{"line":13,"column":7}},"type":"if","locations":[{"start":{"line":11,"column":6},"end":{"line":13,"column":7}},{"start":{"line":11,"column":6},"end":{"line":13,"column":7}}],"line":11},"2":{"loc":{"start":{"line":11,"column":10},"end":{"line":11,"column":24}},"type":"binary-expr","locations":[{"start":{"line":11,"column":10},"end":{"line":11,"column":15}},{"start":{"line":11,"column":19},"end":{"line":11,"column":24}}],"line":11}},"s":{"0":1,"1":3,"2":1,"3":2,"4":1,"5":2,"6":1,"7":1,"8":1,"9":1,"10":0,"11":1,"12":1},"f":{"0":3,"1":2,"2":2,"3":1,"4":1,"5":1},"b":{"0":[1],"1":[0,1],"2":[1,1]},"_coverageSchema":"1a1c01bbd47fc00a2c39e90264f33305004495a9","hash":"b4a38ae8ffa4ab7a6f1300346e64976adf407a89"}
,"C:\\Users\\Thomas\\Desktop\\Udemy\\NodeCompleteDevCourse\\Task-app\\src\\utils\\is_strong_password.js": {"path":"C:\\Users\\Thomas\\Desktop\\Udemy\\NodeCompleteDevCourse\\Task-app\\src\\utils\\is_strong_password.js","statementMap":{"0":{"start":{"line":1,"column":18},"end":{"line":1,"column":38}},"1":{"start":{"line":3,"column":0},"end":{"line":12,"column":2}},"2":{"start":{"line":4,"column":2},"end":{"line":11,"column":5}}},"fnMap":{"0":{"name":"(anonymous_0)","decl":{"start":{"line":3,"column":17},"end":{"line":3,"column":18}},"loc":{"start":{"line":3,"column":31},"end":{"line":12,"column":1}},"line":3}},"branchMap":{},"s":{"0":1,"1":1,"2":10},"f":{"0":10},"b":{},"_coverageSchema":"1a1c01bbd47fc00a2c39e90264f33305004495a9","hash":"0a509136df6a2acdb1db3d3e2da9d923286c6fe5"}
,"C:\\Users\\Thomas\\Desktop\\Udemy\\NodeCompleteDevCourse\\Task-app\\src\\utils\\password_hashing.js": {"path":"C:\\Users\\Thomas\\Desktop\\Udemy\\NodeCompleteDevCourse\\Task-app\\src\\utils\\password_hashing.js","statementMap":{"0":{"start":{"line":1,"column":15},"end":{"line":1,"column":32}},"1":{"start":{"line":2,"column":18},"end":{"line":2,"column":20}},"2":{"start":{"line":3,"column":0},"end":{"line":5,"column":2}},"3":{"start":{"line":4,"column":2},"end":{"line":4,"column":48}}},"fnMap":{"0":{"name":"(anonymous_0)","decl":{"start":{"line":3,"column":17},"end":{"line":3,"column":18}},"loc":{"start":{"line":3,"column":37},"end":{"line":5,"column":1}},"line":3}},"branchMap":{},"s":{"0":1,"1":1,"2":1,"3":11},"f":{"0":11},"b":{},"_coverageSchema":"1a1c01bbd47fc00a2c39e90264f33305004495a9","hash":"d473057d7166f211af85b965039788ae7930ab37"}
}
