TN:
SF:src\app.js
FNF:0
FNH:0
DA:2,1
DA:5,1
DA:8,1
DA:11,1
DA:13,1
LF:5
LH:5
BRF:0
BRH:0
end_of_record
TN:
SF:src\configs\configs.js
FN:3,(anonymous_0)
FNF:1
FNH:1
FNDA:1,(anonymous_0)
DA:1,1
DA:3,1
DA:4,1
DA:5,1
DA:6,1
LF:5
LH:5
BRF:0
BRH:0
end_of_record
TN:
SF:src\configs\router.js
FN:3,(anonymous_0)
FNF:1
FNH:1
FNDA:1,(anonymous_0)
DA:1,1
DA:3,1
DA:4,1
LF:3
LH:3
BRF:0
BRH:0
end_of_record
TN:
SF:src\database\mongodb.js
FN:17,(anonymous_0)
FN:18,(anonymous_1)
FNF:2
FNH:1
FNDA:1,(anonymous_0)
FNDA:0,(anonymous_1)
DA:1,1
DA:3,1
DA:6,1
DA:10,1
DA:17,1
DA:18,0
LF:6
LH:5
BRDA:6,0,0,1
BRDA:6,0,1,0
BRF:2
BRH:1
end_of_record
TN:
SF:src\middlewares\auth_admin.js
FN:1,(anonymous_0)
FNF:1
FNH:0
FNDA:0,(anonymous_0)
DA:1,1
DA:2,0
DA:3,0
LF:3
LH:1
BRDA:2,0,0,0
BRDA:2,0,1,0
BRF:2
BRH:0
end_of_record
TN:
SF:src\middlewares\authentication.js
FN:4,(anonymous_0)
FNF:1
FNH:1
FNDA:4,(anonymous_0)
DA:1,1
DA:2,1
DA:4,1
DA:5,4
DA:6,4
DA:7,2
DA:8,2
DA:9,2
DA:11,2
DA:15,2
DA:16,2
DA:17,2
DA:18,2
DA:20,0
LF:14
LH:13
BRDA:6,0,0,2
BRDA:6,0,1,2
BRDA:15,1,0,0
BRDA:15,1,1,2
BRF:4
BRH:3
end_of_record
TN:
SF:src\middlewares\error_handler.js
FN:1,(anonymous_0)
FNF:1
FNH:0
FNDA:0,(anonymous_0)
DA:1,1
DA:2,0
LF:2
LH:1
BRF:0
BRH:0
end_of_record
TN:
SF:src\middlewares\format_avatar.js
FN:2,(anonymous_0)
FNF:1
FNH:0
FNDA:0,(anonymous_0)
DA:1,1
DA:2,1
DA:3,0
DA:8,0
LF:4
LH:2
BRF:0
BRH:0
end_of_record
TN:
SF:src\middlewares\user_profile.js
FN:6,(anonymous_0)
FNF:1
FNH:0
FNDA:0,(anonymous_0)
DA:1,1
DA:2,1
DA:7,0
DA:8,0
DA:10,0
LF:5
LH:2
BRDA:7,0,0,0
BRDA:7,0,1,0
BRF:2
BRH:0
end_of_record
TN:
SF:src\models\task_model.js
FNF:0
FNH:0
DA:1,1
DA:2,1
DA:4,1
DA:25,1
DA:27,1
LF:5
LH:5
BRF:0
BRH:0
end_of_record
TN:
SF:src\models\user_model.js
FN:22,(anonymous_0)
FN:43,(anonymous_1)
FN:68,(anonymous_2)
FN:77,(anonymous_3)
FN:95,(anonymous_4)
FN:106,(anonymous_5)
FN:117,(anonymous_6)
FNF:7
FNH:7
FNDA:10,(anonymous_0)
FNDA:10,(anonymous_1)
FNDA:2,(anonymous_2)
FNDA:4,(anonymous_3)
FNDA:3,(anonymous_4)
FNDA:10,(anonymous_5)
FNDA:1,(anonymous_6)
DA:1,1
DA:2,1
DA:3,1
DA:4,1
DA:5,1
DA:6,1
DA:7,1
DA:8,1
DA:10,1
DA:23,10
DA:33,0
DA:44,10
DA:45,0
DA:68,1
DA:69,2
DA:70,2
DA:72,2
DA:73,2
DA:74,2
DA:77,1
DA:78,4
DA:79,4
DA:81,4
DA:82,4
DA:83,4
DA:84,4
DA:87,1
DA:95,1
DA:96,3
DA:97,3
DA:99,2
DA:101,2
DA:103,1
DA:106,1
DA:107,10
DA:108,10
DA:109,0
DA:110,10
DA:112,10
DA:117,1
DA:118,1
DA:119,1
DA:120,1
DA:123,1
DA:125,1
LF:45
LH:42
BRDA:23,0,0,0
BRDA:23,0,1,10
BRDA:44,1,0,0
BRDA:44,1,1,10
BRDA:97,2,0,1
BRDA:97,2,1,2
BRDA:101,3,0,1
BRDA:101,3,1,1
BRDA:108,4,0,0
BRDA:108,4,1,10
BRDA:110,5,0,10
BRDA:110,5,1,0
BRF:12
BRH:8
end_of_record
TN:
SF:src\routes\router.js
FNF:0
FNH:0
DA:1,1
DA:2,1
DA:4,1
DA:5,1
DA:7,1
DA:9,1
LF:6
LH:6
BRF:0
BRH:0
end_of_record
TN:
SF:src\routes\tasks_route.js
FN:8,(anonymous_0)
FN:36,(anonymous_1)
FN:48,(anonymous_2)
FN:61,(anonymous_3)
FN:77,(anonymous_4)
FN:89,(anonymous_5)
FN:99,(anonymous_6)
FNF:7
FNH:0
FNDA:0,(anonymous_0)
FNDA:0,(anonymous_1)
FNDA:0,(anonymous_2)
FNDA:0,(anonymous_3)
FNDA:0,(anonymous_4)
FNDA:0,(anonymous_5)
FNDA:0,(anonymous_6)
DA:1,1
DA:2,1
DA:3,1
DA:6,1
DA:9,0
DA:10,0
DA:11,0
DA:13,0
DA:14,0
DA:15,0
DA:16,0
DA:19,0
DA:20,0
DA:31,0
DA:33,0
DA:37,0
DA:39,0
DA:40,0
DA:41,0
DA:42,0
DA:43,0
DA:45,0
DA:49,0
DA:50,0
DA:51,0
DA:53,0
DA:59,1
DA:62,0
DA:63,0
DA:68,0
DA:69,0
DA:71,0
DA:74,0
DA:78,0
DA:79,0
DA:83,0
DA:84,0
DA:86,0
DA:90,0
DA:91,0
DA:92,0
DA:93,0
DA:98,0
DA:99,0
DA:100,0
DA:103,0
DA:105,0
DA:107,0
DA:111,1
LF:49
LH:6
BRDA:13,0,0,0
BRDA:13,0,1,0
BRDA:13,1,0,0
BRDA:13,1,1,0
BRDA:14,2,0,0
BRDA:14,2,1,0
BRDA:16,3,0,0
BRDA:16,3,1,0
BRDA:68,4,0,0
BRDA:68,4,1,0
BRDA:83,5,0,0
BRDA:83,5,1,0
BRDA:91,6,0,0
BRDA:91,6,1,0
BRDA:91,7,0,0
BRDA:91,7,1,0
BRDA:98,8,0,0
BRDA:98,8,1,0
BRF:18
BRH:0
end_of_record
TN:
SF:src\routes\users_route.js
FN:15,(anonymous_0)
FN:24,(anonymous_1)
FN:37,(anonymous_2)
FN:50,(anonymous_3)
FN:53,(anonymous_4)
FN:60,(anonymous_5)
FN:77,(anonymous_6)
FN:99,(anonymous_7)
FN:110,(anonymous_8)
FN:122,(anonymous_9)
FN:136,(anonymous_10)
FN:147,(anonymous_11)
FN:149,(anonymous_12)
FN:161,(anonymous_13)
FNF:14
FNH:4
FNDA:0,(anonymous_0)
FNDA:1,(anonymous_1)
FNDA:0,(anonymous_2)
FNDA:1,(anonymous_3)
FNDA:0,(anonymous_4)
FNDA:0,(anonymous_5)
FNDA:1,(anonymous_6)
FNDA:0,(anonymous_7)
FNDA:0,(anonymous_8)
FNDA:0,(anonymous_9)
FNDA:0,(anonymous_10)
FNDA:0,(anonymous_11)
FNDA:0,(anonymous_12)
FNDA:3,(anonymous_13)
DA:1,1
DA:2,1
DA:3,1
DA:4,1
DA:5,1
DA:6,1
DA:7,1
DA:8,1
DA:9,1
DA:13,1
DA:16,0
DA:17,0
DA:18,0
DA:20,0
DA:25,1
DA:26,1
DA:27,1
DA:28,1
DA:29,1
DA:30,1
DA:32,1
DA:34,0
DA:38,0
DA:39,0
DA:40,0
DA:41,0
DA:43,0
DA:48,1
DA:51,1
DA:54,0
DA:56,0
DA:58,0
DA:59,0
DA:60,0
DA:61,0
DA:64,0
DA:65,0
DA:66,0
DA:69,0
DA:71,0
DA:72,0
DA:74,0
DA:78,1
DA:82,1
DA:83,1
DA:85,1
DA:87,0
DA:93,1
DA:100,0
DA:101,0
DA:102,0
DA:103,0
DA:105,0
DA:111,0
DA:112,0
DA:113,0
DA:114,0
DA:116,0
DA:122,1
DA:123,0
DA:124,0
DA:125,0
DA:127,0
DA:128,0
DA:129,0
DA:131,0
DA:136,1
DA:137,0
DA:138,0
DA:139,0
DA:140,0
DA:142,0
DA:147,1
DA:148,0
DA:149,0
DA:150,0
DA:153,0
DA:154,0
DA:156,0
DA:161,1
DA:162,3
DA:163,3
DA:167,3
DA:168,1
DA:170,1
DA:172,0
DA:176,1
LF:87
LH:34
BRDA:56,0,0,0
BRDA:56,0,1,0
BRDA:64,1,0,0
BRDA:64,1,1,0
BRDA:71,2,0,0
BRDA:71,2,1,0
BRDA:125,3,0,0
BRDA:125,3,1,0
BRDA:127,4,0,0
BRDA:127,4,1,0
BRDA:167,5,0,2
BRDA:167,5,1,1
BRF:12
BRH:2
end_of_record
TN:
SF:src\tests\math.js
FN:1,(anonymous_0)
FN:4,(anonymous_1)
FN:6,(anonymous_2)
FN:8,(anonymous_3)
FN:9,(anonymous_4)
FN:10,(anonymous_5)
FNF:6
FNH:6
FNDA:3,(anonymous_0)
FNDA:2,(anonymous_1)
FNDA:2,(anonymous_2)
FNDA:1,(anonymous_3)
FNDA:1,(anonymous_4)
FNDA:1,(anonymous_5)
DA:1,1
DA:2,3
DA:4,2
DA:6,2
DA:8,1
DA:9,1
DA:10,1
DA:11,1
DA:12,0
DA:14,1
DA:19,1
LF:11
LH:10
BRDA:1,0,0,1
BRDA:11,1,0,0
BRDA:11,1,1,1
BRDA:11,2,0,1
BRDA:11,2,1,1
BRF:5
BRH:4
end_of_record
TN:
SF:src\utils\is_strong_password.js
FN:3,(anonymous_0)
FNF:1
FNH:1
FNDA:10,(anonymous_0)
DA:1,1
DA:3,1
DA:4,10
LF:3
LH:3
BRF:0
BRH:0
end_of_record
TN:
SF:src\utils\password_hashing.js
FN:3,(anonymous_0)
FNF:1
FNH:1
FNDA:11,(anonymous_0)
DA:1,1
DA:2,1
DA:3,1
DA:4,11
LF:4
LH:4
BRF:0
BRH:0
end_of_record
